0 info it worked if it ends with ok
1 verbose cli [ 'C:\\Program Files\\nodejs\\\\node.exe',
1 verbose cli   'C:\\Program Files\\nodejs\\node_modules\\npm\\bin\\npm-cli.js',
1 verbose cli   'install',
1 verbose cli   '-g',
1 verbose cli   'node-gpy' ]
2 info using npm@1.4.28
3 info using node@v0.10.32
4 verbose node symlink C:\Program Files\nodejs\\node.exe
5 verbose cache add [ 'node-gpy', null ]
6 verbose cache add name=undefined spec="node-gpy" args=["node-gpy",null]
7 verbose parsed url { protocol: null,
7 verbose parsed url   slashes: null,
7 verbose parsed url   auth: null,
7 verbose parsed url   host: null,
7 verbose parsed url   port: null,
7 verbose parsed url   hostname: null,
7 verbose parsed url   hash: null,
7 verbose parsed url   search: null,
7 verbose parsed url   query: null,
7 verbose parsed url   pathname: 'node-gpy',
7 verbose parsed url   path: 'node-gpy',
7 verbose parsed url   href: 'node-gpy' }
8 silly lockFile 1fdee333-node-gpy node-gpy
9 verbose lock node-gpy C:\Users\Clover\AppData\Roaming\npm-cache\1fdee333-node-gpy.lock
10 silly lockFile 1fdee333-node-gpy node-gpy
11 silly lockFile 1fdee333-node-gpy node-gpy
12 verbose addNamed [ 'node-gpy', '' ]
13 verbose addNamed [ null, '*' ]
14 silly lockFile c2faa649-node-gpy node-gpy@
15 verbose lock node-gpy@ C:\Users\Clover\AppData\Roaming\npm-cache\c2faa649-node-gpy.lock
16 silly addNameRange { name: 'node-gpy', range: '*', hasData: false }
17 verbose request where is /node-gpy
18 verbose request registry https://registry.npmjs.org/
19 verbose request id db3532b0a1bdc665
20 verbose url raw /node-gpy
21 verbose url resolving [ 'https://registry.npmjs.org/', './node-gpy' ]
22 verbose url resolved https://registry.npmjs.org/node-gpy
23 verbose request where is https://registry.npmjs.org/node-gpy
24 info trying registry request attempt 1 at 10:09:01
25 http GET https://registry.npmjs.org/node-gpy
26 http 404 https://registry.npmjs.org/node-gpy
27 verbose headers { date: 'Thu, 30 Oct 2014 14:09:06 GMT',
27 verbose headers   server: 'CouchDB/1.5.0 (Erlang OTP/R16B03)',
27 verbose headers   'content-type': 'application/json',
27 verbose headers   'cache-control': 'max-age=0',
27 verbose headers   'content-length': '52',
27 verbose headers   'accept-ranges': 'bytes',
27 verbose headers   via: '1.1 varnish',
27 verbose headers   age: '0',
27 verbose headers   'x-served-by': 'cache-iad2129-IAD',
27 verbose headers   'x-cache': 'MISS',
27 verbose headers   'x-cache-hits': '0',
27 verbose headers   'x-timer': 'S1414678145.936751,VS0,VE87',
27 verbose headers   'keep-alive': 'timeout=10, max=50',
27 verbose headers   connection: 'Keep-Alive' }
28 silly registry.get cb [ 404,
28 silly registry.get   { date: 'Thu, 30 Oct 2014 14:09:06 GMT',
28 silly registry.get     server: 'CouchDB/1.5.0 (Erlang OTP/R16B03)',
28 silly registry.get     'content-type': 'application/json',
28 silly registry.get     'cache-control': 'max-age=0',
28 silly registry.get     'content-length': '52',
28 silly registry.get     'accept-ranges': 'bytes',
28 silly registry.get     via: '1.1 varnish',
28 silly registry.get     age: '0',
28 silly registry.get     'x-served-by': 'cache-iad2129-IAD',
28 silly registry.get     'x-cache': 'MISS',
28 silly registry.get     'x-cache-hits': '0',
28 silly registry.get     'x-timer': 'S1414678145.936751,VS0,VE87',
28 silly registry.get     'keep-alive': 'timeout=10, max=50',
28 silly registry.get     connection: 'Keep-Alive' } ]
29 silly lockFile c2faa649-node-gpy node-gpy@
30 silly lockFile c2faa649-node-gpy node-gpy@
31 error 404 404 Not Found: node-gpy
31 error 404
31 error 404 'node-gpy' is not in the npm registry.
31 error 404 You should bug the author to publish it
31 error 404
31 error 404 Maybe try 'npm search gpy'
31 error 404
31 error 404 Note that you can also install from a
31 error 404 tarball, folder, or http url, or git url.
32 error System Windows_NT 6.1.7601
33 error command "C:\\Program Files\\nodejs\\\\node.exe" "C:\\Program Files\\nodejs\\node_modules\\npm\\bin\\npm-cli.js" "install" "-g" "node-gpy"
34 error cwd D:\git\NRE5110FinalProject
35 error node -v v0.10.32
36 error npm -v 1.4.28
37 error code E404
38 verbose exit [ 1, true ]
